2026-04-22 13:52:04 - Checking OTP: 123456 for 3654123546
2026-04-22 13:52:04 - OTP not allowed by service, bypassing
2026-04-22 13:52:04 - Checking account info for: 3654123546 / JJHJHJHJ
2026-04-22 13:52:04 - Creating new account session
2026-04-22 13:52:04 - Account entry inserted for: 8206123
2026-04-22 13:54:13 - Checking OTP: 123456 for 6542145632
2026-04-22 13:54:13 - OTP not allowed by service, bypassing
2026-04-22 13:54:13 - Checking account info for: 6542145632 / ROBIN
2026-04-22 13:54:13 - Creating new account session
2026-04-22 13:54:13 - Account entry inserted for: 3182645
2026-04-22 16:29:45 - Checking OTP: 123456 for 5648751235
2026-04-22 16:29:45 - OTP not allowed by service, bypassing
2026-04-22 16:29:45 - Checking account info for: 5648751235 / irshad
2026-04-22 16:34:30 - Checking OTP: 123456 for 8907213025
2026-04-22 16:34:30 - OTP not allowed by service, bypassing
2026-04-22 16:34:30 - Checking account info for: 8907213025 / irshad
2026-04-22 16:34:30 - Creating new account session
2026-04-22 16:34:30 - Account entry inserted for: 7396232
2026-04-22 16:39:23 - Checking OTP: 123456 for 1907213022
2026-04-22 16:39:23 - OTP not allowed by service, bypassing
2026-04-22 16:39:23 - Checking account info for: 1907213022 / irshadvp
2026-04-22 16:41:00 - Checking OTP: 123456 for 6807213022
2026-04-22 16:41:00 - OTP not allowed by service, bypassing
2026-04-22 16:41:00 - Checking account info for: 6807213022 / irshaad
2026-04-22 16:41:00 - Creating new account session
2026-04-22 16:41:00 - Account entry inserted for: 9657967
2026-04-23 19:00:23 - Checking OTP: 123456 for 6324578954
2026-04-23 19:00:23 - OTP not allowed by service, bypassing
2026-04-23 19:00:23 - Checking account info for: 6324578954 / irshad123456
2026-04-23 19:00:23 - Creating new account session
2026-04-23 19:00:24 - Account entry inserted for: 8126182
